<?xml version="1.0" encoding="UTF-8"?>
<!-- Generated by org.testng.reporters.JUnitReportReporter -->
<testsuite hostname="nb-dmitriyy-10" name="RemoteWebDriverTest" tests="4" failures="0" timestamp="16 Apr 2017 11:40:06 GMT" time="395.886" errors="3">
  <testcase name="DBWebApp" time="113.139" classname="RemoteWebDriverTest">
    <error type="org.openqa.selenium.WebDriverException" message="Failed to execute command webpage.element find: findElements command failed. Reason: handset server: page is still loading.
Command duration or timeout: 92.82 seconds
Build info: version: &#039;2.48.2&#039;, revision: &#039;41bccdd10cf2c0560f637404c2d96164b67d9d67&#039;, time: &#039;2015-10-09 13:08:06&#039;
System info: host: &#039;nb-dmitriyy-10&#039;, ip: &#039;192.168.1.4&#039;, os.name: &#039;Windows 10&#039;, os.arch: &#039;amd64&#039;, os.version: &#039;10.0&#039;, java.version: &#039;1.8.0_91&#039;
Driver info: org.openqa.selenium.remote.RemoteWebDriver
Capabilities [{reportPdfUrl=https://partners.reporting-01.perfectomobile.com/export/api/v1/test-executions/pdf?externalId[0]=dmitriyy@perfectomobile.com_RemoteWebDriver_17-04-16_11_39_47_8809&amp;timestamp=1492342787720, rotatable=true, testGridReportUrl=https://partners.reporting-01.perfectomobile.com?externalId[0]=dmitriyy@perfectomobile.com_RemoteWebDriver_17-04-16_11_39_47_8809&amp;timestamp=1492342787720, entityType=remote_web_driver, offlineToken=, deviceName=ADADB879, serverConnector=, platform=ANY, executionId=dmitriyy@perfectomobile.com_RemoteWebDriver_17-04-16_11_39_47_8809, password=, webdriver.remote.sessionid=4e07ca60-546b-4407-83de-937c80836cfc, host=partners.perfectomobile.com, singleTestReportUrl=https://partners.perfectomobile.com/nexperience/singletest/report/?reportRepositoryKey=PRIVATE:RemoteWebDriver/170416/RemoteWebDriver_17-04-16_11_39_47_8809.xml&amp;ownerId=dmitriyy@perfectomobile.com&amp;sharingCode=0fba91cb-19a8-4090-9d35-20f7779a2b0c, locationContextEnabled=true, browserName=mobileChrome, scriptName=RemoteWebDriver, takesScreenshot=true, javascriptEnabled=true, reportKey=PRIVATE:RemoteWebDriver/170416/RemoteWebDriver_17-04-16_11_39_47_8809.xml, platformName=Android, windTunnelReportUrl=https://partners.perfectomobile.com/nexperience/singletest/report/?reportRepositoryKey=PRIVATE:RemoteWebDriver/170416/RemoteWebDriver_17-04-16_11_39_47_8809.xml&amp;ownerId=dmitriyy@perfectomobile.com&amp;sharingCode=0fba91cb-19a8-4090-9d35-20f7779a2b0c, user=, cssSelectorsEnabled=true}]
Session ID: 4e07ca60-546b-4407-83de-937c80836cfc
*** Element info: {Using=xpath, value=//*[@id=&#039;pi_14594&#039;]/div/div[2]/div/p/a}">
      <![CDATA[org.openqa.selenium.WebDriverException: Failed to execute command webpage.element find: findElements command failed. Reason: handset server: page is still loading.
Command duration or timeout: 92.82 seconds
Build info: version: '2.48.2', revision: '41bccdd10cf2c0560f637404c2d96164b67d9d67', time: '2015-10-09 13:08:06'
System info: host: 'nb-dmitriyy-10', ip: '192.168.1.4', os.name: 'Windows 10', os.arch: 'amd64', os.version: '10.0', java.version: '1.8.0_91'
Driver info: org.openqa.selenium.remote.RemoteWebDriver
Capabilities [{reportPdfUrl=https://partners.reporting-01.perfectomobile.com/export/api/v1/test-executions/pdf?externalId[0]=dmitriyy@perfectomobile.com_RemoteWebDriver_17-04-16_11_39_47_8809&timestamp=1492342787720, rotatable=true, testGridReportUrl=https://partners.reporting-01.perfectomobile.com?externalId[0]=dmitriyy@perfectomobile.com_RemoteWebDriver_17-04-16_11_39_47_8809&timestamp=1492342787720, entityType=remote_web_driver, offlineToken=, deviceName=ADADB879, serverConnector=, platform=ANY, executionId=dmitriyy@perfectomobile.com_RemoteWebDriver_17-04-16_11_39_47_8809, password=, webdriver.remote.sessionid=4e07ca60-546b-4407-83de-937c80836cfc, host=partners.perfectomobile.com, singleTestReportUrl=https://partners.perfectomobile.com/nexperience/singletest/report/?reportRepositoryKey=PRIVATE:RemoteWebDriver/170416/RemoteWebDriver_17-04-16_11_39_47_8809.xml&ownerId=dmitriyy@perfectomobile.com&sharingCode=0fba91cb-19a8-4090-9d35-20f7779a2b0c, locationContextEnabled=true, browserName=mobileChrome, scriptName=RemoteWebDriver, takesScreenshot=true, javascriptEnabled=true, reportKey=PRIVATE:RemoteWebDriver/170416/RemoteWebDriver_17-04-16_11_39_47_8809.xml, platformName=Android, windTunnelReportUrl=https://partners.perfectomobile.com/nexperience/singletest/report/?reportRepositoryKey=PRIVATE:RemoteWebDriver/170416/RemoteWebDriver_17-04-16_11_39_47_8809.xml&ownerId=dmitriyy@perfectomobile.com&sharingCode=0fba91cb-19a8-4090-9d35-20f7779a2b0c, user=, cssSelectorsEnabled=true}]
Session ID: 4e07ca60-546b-4407-83de-937c80836cfc
*** Element info: {Using=xpath, value=//*[@id='pi_14594']/div/div[2]/div/p/a}
	at sun.reflect.NativeConstructorAccessorImpl.newInstance0(Native Method)
	at sun.reflect.NativeConstructorAccessorImpl.newInstance(Unknown Source)
	at sun.reflect.DelegatingConstructorAccessorImpl.newInstance(Unknown Source)
	at java.lang.reflect.Constructor.newInstance(Unknown Source)
	at org.openqa.selenium.remote.ErrorHandler.createThrowable(ErrorHandler.java:206)
	at org.openqa.selenium.remote.ErrorHandler.throwIfResponseFailed(ErrorHandler.java:158)
	at org.openqa.selenium.remote.RemoteWebDriver.execute(RemoteWebDriver.java:647)
	at org.openqa.selenium.remote.RemoteWebDriver.findElement(RemoteWebDriver.java:353)
	at org.openqa.selenium.remote.RemoteWebDriver.findElementByXPath(RemoteWebDriver.java:490)
	at RemoteWebDriverTest.DBWebApp(RemoteWebDriverTest.java:108)
	at sun.reflect.NativeMethodAccessorImpl.invoke0(Native Method)
	at sun.reflect.NativeMethodAccessorImpl.invoke(Unknown Source)
	at sun.reflect.DelegatingMethodAccessorImpl.invoke(Unknown Source)
	at java.lang.reflect.Method.invoke(Unknown Source)
	at org.testng.internal.MethodInvocationHelper.invokeMethod(MethodInvocationHelper.java:100)
	at org.testng.internal.Invoker.invokeMethod(Invoker.java:646)
	at org.testng.internal.Invoker.invokeTestMethod(Invoker.java:811)
	at org.testng.internal.Invoker.invokeTestMethods(Invoker.java:1129)
	at org.testng.internal.TestMethodWorker.invokeTestMethods(TestMethodWorker.java:129)
	at org.testng.internal.TestMethodWorker.run(TestMethodWorker.java:112)
	at org.testng.TestRunner.privateRun(TestRunner.java:746)
	at org.testng.TestRunner.run(TestRunner.java:600)
	at org.testng.SuiteRunner.runTest(SuiteRunner.java:366)
	at org.testng.SuiteRunner.access$000(SuiteRunner.java:39)
	at org.testng.SuiteRunner$SuiteWorker.run(SuiteRunner.java:400)
	at org.testng.internal.thread.ThreadUtil$2.call(ThreadUtil.java:64)
	at java.util.concurrent.FutureTask.run(Unknown Source)
	at java.util.concurrent.ThreadPoolExecutor.runWorker(Unknown Source)
	at java.util.concurrent.ThreadPoolExecutor$Worker.run(Unknown Source)
	at java.lang.Thread.run(Unknown Source)
Caused by: java.lang.RuntimeException: Failed to execute command webpage.element find: findElements command failed. Reason: handset server: page is still loading.
	at com.perfectomobile.selenium.MobileEntity.processCommonResponse(MobileEntity.java:102)
	at com.perfectomobile.selenium.MobileDevice.processResponse(MobileDevice.java:527)
	at com.perfectomobile.selenium.MobileApplication.processResponse(MobileApplication.java:54)
	at com.perfectomobile.selenium.dom.MobileDOMApplication.processResponse(MobileDOMApplication.java:464)
	at com.perfectomobile.selenium.MobileEntity.executeCommand(MobileEntity.java:57)
	at com.perfectomobile.selenium.MobileEntity.executeCommand(MobileEntity.java:50)
	at com.perfectomobile.selenium.MobileApplication.findElementsImpl(MobileApplication.java:290)
	at com.perfectomobile.selenium.dom.MobileDOMApplication.findElementsImpl(MobileDOMApplication.java:486)
	at com.perfectomobile.selenium.MobileApplication.findElementsImpl(MobileApplication.java:270)
	at com.perfectomobile.selenium.MobileApplication.findElementsByXPath(MobileApplication.java:225)
	at com.perfectomobile.selenium.MobileApplication.findElementByXPath(MobileApplication.java:210)
	at org.openqa.selenium.By$ByXPath.findElement(By.java:361)
	at com.perfectomobile.selenium.MobileApplication.findElement(MobileApplication.java:150)
	at com.perfectomobile.selenium.server.PerfectoMobileDriver.findElement(PerfectoMobileDriver.java:731)
	at sun.reflect.GeneratedMethodAccessor2149.invoke(Unknown Source)
	at sun.reflect.DelegatingMethodAccessorImpl.invoke(DelegatingMethodAccessorImpl.java:43)
	at java.lang.reflect.Method.invoke(Method.java:498)
	at org.openqa.selenium.support.events.EventFiringWebDriver$2.invoke(EventFiringWebDriver.java:102)
	at com.sun.proxy.$Proxy263.findElement(Unknown Source)
	at org.openqa.selenium.support.events.EventFiringWebDriver.findElement(EventFiringWebDriver.java:187)
	at org.openqa.selenium.remote.server.handler.FindElement.call(FindElement.java:48)
	at org.openqa.selenium.remote.server.handler.FindElement.call(FindElement.java:33)
	at java.util.concurrent.FutureTask.run(FutureTask.java:266)
	at org.openqa.selenium.remote.server.MobileDefaultSession$1.run(MobileDefaultSession.java:188)
	at java.util.concurrent.ThreadPoolExecutor.runWorker(ThreadPoolExecutor.java:1142)
	at java.util.concurrent.ThreadPoolExecutor$Worker.run(ThreadPoolExecutor.java:617)
	at java.lang.Thread.run(Thread.java:745)
]]>
    </error>
  </testcase> <!-- DBWebApp -->
  <testcase name="DBWebApp" time="32.661" classname="RemoteWebDriverTest"/>
  <testcase name="DBWebApp" time="134.840" classname="RemoteWebDriverTest">
    <error type="org.openqa.selenium.WebDriverException" message="Failed to execute command webpage.element find: findElements command failed. Reason: handset server: page is still loading.
Command duration or timeout: 93.85 seconds
Build info: version: &#039;2.48.2&#039;, revision: &#039;41bccdd10cf2c0560f637404c2d96164b67d9d67&#039;, time: &#039;2015-10-09 13:08:06&#039;
System info: host: &#039;nb-dmitriyy-10&#039;, ip: &#039;192.168.1.4&#039;, os.name: &#039;Windows 10&#039;, os.arch: &#039;amd64&#039;, os.version: &#039;10.0&#039;, java.version: &#039;1.8.0_91&#039;
Driver info: org.openqa.selenium.remote.RemoteWebDriver
Capabilities [{reportPdfUrl=https://partners.reporting-01.perfectomobile.com/export/api/v1/test-executions/pdf?externalId[0]=dmitriyy@perfectomobile.com_RemoteWebDriver_17-04-16_11_39_47_8812&amp;timestamp=1492342787722, rotatable=true, testGridReportUrl=https://partners.reporting-01.perfectomobile.com?externalId[0]=dmitriyy@perfectomobile.com_RemoteWebDriver_17-04-16_11_39_47_8812&amp;timestamp=1492342787722, entityType=remote_web_driver, offlineToken=, serverConnector=, deviceName=4E529680175ABE8E1A6EBA73651E3D08998533CA, platform=ANY, executionId=dmitriyy@perfectomobile.com_RemoteWebDriver_17-04-16_11_39_47_8812, password=, webdriver.remote.sessionid=470c1707-7f00-46ce-b830-d7e38efbd755, host=partners.perfectomobile.com, singleTestReportUrl=https://partners.perfectomobile.com/nexperience/singletest/report/?reportRepositoryKey=PRIVATE:RemoteWebDriver/170416/RemoteWebDriver_17-04-16_11_39_47_8812.xml&amp;ownerId=dmitriyy@perfectomobile.com&amp;sharingCode=11e5d12f-76be-4980-b82a-561c4d557a2b, locationContextEnabled=true, scriptName=RemoteWebDriver, takesScreenshot=true, javascriptEnabled=true, reportKey=PRIVATE:RemoteWebDriver/170416/RemoteWebDriver_17-04-16_11_39_47_8812.xml, windTunnelReportUrl=https://partners.perfectomobile.com/nexperience/singletest/report/?reportRepositoryKey=PRIVATE:RemoteWebDriver/170416/RemoteWebDriver_17-04-16_11_39_47_8812.xml&amp;ownerId=dmitriyy@perfectomobile.com&amp;sharingCode=11e5d12f-76be-4980-b82a-561c4d557a2b, user=, cssSelectorsEnabled=true}]
Session ID: 470c1707-7f00-46ce-b830-d7e38efbd755
*** Element info: {Using=xpath, value=//*[@id=&#039;pi_14594&#039;]/div/div[2]/div/p/a}">
      <![CDATA[org.openqa.selenium.WebDriverException: Failed to execute command webpage.element find: findElements command failed. Reason: handset server: page is still loading.
Command duration or timeout: 93.85 seconds
Build info: version: '2.48.2', revision: '41bccdd10cf2c0560f637404c2d96164b67d9d67', time: '2015-10-09 13:08:06'
System info: host: 'nb-dmitriyy-10', ip: '192.168.1.4', os.name: 'Windows 10', os.arch: 'amd64', os.version: '10.0', java.version: '1.8.0_91'
Driver info: org.openqa.selenium.remote.RemoteWebDriver
Capabilities [{reportPdfUrl=https://partners.reporting-01.perfectomobile.com/export/api/v1/test-executions/pdf?externalId[0]=dmitriyy@perfectomobile.com_RemoteWebDriver_17-04-16_11_39_47_8812&timestamp=1492342787722, rotatable=true, testGridReportUrl=https://partners.reporting-01.perfectomobile.com?externalId[0]=dmitriyy@perfectomobile.com_RemoteWebDriver_17-04-16_11_39_47_8812&timestamp=1492342787722, entityType=remote_web_driver, offlineToken=, serverConnector=, deviceName=4E529680175ABE8E1A6EBA73651E3D08998533CA, platform=ANY, executionId=dmitriyy@perfectomobile.com_RemoteWebDriver_17-04-16_11_39_47_8812, password=, webdriver.remote.sessionid=470c1707-7f00-46ce-b830-d7e38efbd755, host=partners.perfectomobile.com, singleTestReportUrl=https://partners.perfectomobile.com/nexperience/singletest/report/?reportRepositoryKey=PRIVATE:RemoteWebDriver/170416/RemoteWebDriver_17-04-16_11_39_47_8812.xml&ownerId=dmitriyy@perfectomobile.com&sharingCode=11e5d12f-76be-4980-b82a-561c4d557a2b, locationContextEnabled=true, scriptName=RemoteWebDriver, takesScreenshot=true, javascriptEnabled=true, reportKey=PRIVATE:RemoteWebDriver/170416/RemoteWebDriver_17-04-16_11_39_47_8812.xml, windTunnelReportUrl=https://partners.perfectomobile.com/nexperience/singletest/report/?reportRepositoryKey=PRIVATE:RemoteWebDriver/170416/RemoteWebDriver_17-04-16_11_39_47_8812.xml&ownerId=dmitriyy@perfectomobile.com&sharingCode=11e5d12f-76be-4980-b82a-561c4d557a2b, user=, cssSelectorsEnabled=true}]
Session ID: 470c1707-7f00-46ce-b830-d7e38efbd755
*** Element info: {Using=xpath, value=//*[@id='pi_14594']/div/div[2]/div/p/a}
	at sun.reflect.NativeConstructorAccessorImpl.newInstance0(Native Method)
	at sun.reflect.NativeConstructorAccessorImpl.newInstance(Unknown Source)
	at sun.reflect.DelegatingConstructorAccessorImpl.newInstance(Unknown Source)
	at java.lang.reflect.Constructor.newInstance(Unknown Source)
	at org.openqa.selenium.remote.ErrorHandler.createThrowable(ErrorHandler.java:206)
	at org.openqa.selenium.remote.ErrorHandler.throwIfResponseFailed(ErrorHandler.java:158)
	at org.openqa.selenium.remote.RemoteWebDriver.execute(RemoteWebDriver.java:647)
	at org.openqa.selenium.remote.RemoteWebDriver.findElement(RemoteWebDriver.java:353)
	at org.openqa.selenium.remote.RemoteWebDriver.findElementByXPath(RemoteWebDriver.java:490)
	at RemoteWebDriverTest.DBWebApp(RemoteWebDriverTest.java:108)
	at sun.reflect.NativeMethodAccessorImpl.invoke0(Native Method)
	at sun.reflect.NativeMethodAccessorImpl.invoke(Unknown Source)
	at sun.reflect.DelegatingMethodAccessorImpl.invoke(Unknown Source)
	at java.lang.reflect.Method.invoke(Unknown Source)
	at org.testng.internal.MethodInvocationHelper.invokeMethod(MethodInvocationHelper.java:100)
	at org.testng.internal.Invoker.invokeMethod(Invoker.java:646)
	at org.testng.internal.Invoker.invokeTestMethod(Invoker.java:811)
	at org.testng.internal.Invoker.invokeTestMethods(Invoker.java:1129)
	at org.testng.internal.TestMethodWorker.invokeTestMethods(TestMethodWorker.java:129)
	at org.testng.internal.TestMethodWorker.run(TestMethodWorker.java:112)
	at org.testng.TestRunner.privateRun(TestRunner.java:746)
	at org.testng.TestRunner.run(TestRunner.java:600)
	at org.testng.SuiteRunner.runTest(SuiteRunner.java:366)
	at org.testng.SuiteRunner.access$000(SuiteRunner.java:39)
	at org.testng.SuiteRunner$SuiteWorker.run(SuiteRunner.java:400)
	at org.testng.internal.thread.ThreadUtil$2.call(ThreadUtil.java:64)
	at java.util.concurrent.FutureTask.run(Unknown Source)
	at java.util.concurrent.ThreadPoolExecutor.runWorker(Unknown Source)
	at java.util.concurrent.ThreadPoolExecutor$Worker.run(Unknown Source)
	at java.lang.Thread.run(Unknown Source)
Caused by: java.lang.RuntimeException: Failed to execute command webpage.element find: findElements command failed. Reason: handset server: page is still loading.
	at com.perfectomobile.selenium.MobileEntity.processCommonResponse(MobileEntity.java:102)
	at com.perfectomobile.selenium.MobileDevice.processResponse(MobileDevice.java:527)
	at com.perfectomobile.selenium.MobileApplication.processResponse(MobileApplication.java:54)
	at com.perfectomobile.selenium.dom.MobileDOMApplication.processResponse(MobileDOMApplication.java:464)
	at com.perfectomobile.selenium.MobileEntity.executeCommand(MobileEntity.java:57)
	at com.perfectomobile.selenium.MobileEntity.executeCommand(MobileEntity.java:50)
	at com.perfectomobile.selenium.MobileApplication.findElementsImpl(MobileApplication.java:290)
	at com.perfectomobile.selenium.dom.MobileDOMApplication.findElementsImpl(MobileDOMApplication.java:486)
	at com.perfectomobile.selenium.MobileApplication.findElementsImpl(MobileApplication.java:270)
	at com.perfectomobile.selenium.MobileApplication.findElementsByXPath(MobileApplication.java:225)
	at com.perfectomobile.selenium.MobileApplication.findElementByXPath(MobileApplication.java:210)
	at org.openqa.selenium.By$ByXPath.findElement(By.java:361)
	at com.perfectomobile.selenium.MobileApplication.findElement(MobileApplication.java:150)
	at com.perfectomobile.selenium.server.PerfectoMobileDriver.findElement(PerfectoMobileDriver.java:731)
	at sun.reflect.GeneratedMethodAccessor2149.invoke(Unknown Source)
	at sun.reflect.DelegatingMethodAccessorImpl.invoke(DelegatingMethodAccessorImpl.java:43)
	at java.lang.reflect.Method.invoke(Method.java:498)
	at org.openqa.selenium.support.events.EventFiringWebDriver$2.invoke(EventFiringWebDriver.java:102)
	at com.sun.proxy.$Proxy263.findElement(Unknown Source)
	at org.openqa.selenium.support.events.EventFiringWebDriver.findElement(EventFiringWebDriver.java:187)
	at org.openqa.selenium.remote.server.handler.FindElement.call(FindElement.java:48)
	at org.openqa.selenium.remote.server.handler.FindElement.call(FindElement.java:33)
	at java.util.concurrent.FutureTask.run(FutureTask.java:266)
	at org.openqa.selenium.remote.server.MobileDefaultSession$1.run(MobileDefaultSession.java:188)
	at java.util.concurrent.ThreadPoolExecutor.runWorker(ThreadPoolExecutor.java:1142)
	at java.util.concurrent.ThreadPoolExecutor$Worker.run(ThreadPoolExecutor.java:617)
	at java.lang.Thread.run(Thread.java:745)
]]>
    </error>
  </testcase> <!-- DBWebApp -->
  <testcase name="DBWebApp" time="115.246" classname="RemoteWebDriverTest">
    <error type="org.openqa.selenium.WebDriverException" message="Failed to execute command webpage.element find: findElements command failed. Reason: handset server: page is still loading.
Command duration or timeout: 93.18 seconds
Build info: version: &#039;2.48.2&#039;, revision: &#039;41bccdd10cf2c0560f637404c2d96164b67d9d67&#039;, time: &#039;2015-10-09 13:08:06&#039;
System info: host: &#039;nb-dmitriyy-10&#039;, ip: &#039;192.168.1.4&#039;, os.name: &#039;Windows 10&#039;, os.arch: &#039;amd64&#039;, os.version: &#039;10.0&#039;, java.version: &#039;1.8.0_91&#039;
Driver info: org.openqa.selenium.remote.RemoteWebDriver
Capabilities [{reportPdfUrl=https://partners.reporting-01.perfectomobile.com/export/api/v1/test-executions/pdf?externalId[0]=dmitriyy@perfectomobile.com_RemoteWebDriver_17-04-16_11_39_47_8811&amp;timestamp=1492342787722, rotatable=true, testGridReportUrl=https://partners.reporting-01.perfectomobile.com?externalId[0]=dmitriyy@perfectomobile.com_RemoteWebDriver_17-04-16_11_39_47_8811&amp;timestamp=1492342787722, entityType=remote_web_driver, offlineToken=, deviceName=076164908B998B9944CE5E3A50E1028D5708AAEF, serverConnector=, platform=ANY, executionId=dmitriyy@perfectomobile.com_RemoteWebDriver_17-04-16_11_39_47_8811, password=, webdriver.remote.sessionid=f1be917c-e004-4abc-8a58-6fa1bab5d914, host=partners.perfectomobile.com, singleTestReportUrl=https://partners.perfectomobile.com/nexperience/singletest/report/?reportRepositoryKey=PRIVATE:RemoteWebDriver/170416/RemoteWebDriver_17-04-16_11_39_47_8811.xml&amp;ownerId=dmitriyy@perfectomobile.com&amp;sharingCode=cf20a296-a546-4df4-883d-684b3aaea1ae, locationContextEnabled=true, browserName=mobileSafari, scriptName=RemoteWebDriver, takesScreenshot=true, javascriptEnabled=true, reportKey=PRIVATE:RemoteWebDriver/170416/RemoteWebDriver_17-04-16_11_39_47_8811.xml, platformName=iOS, windTunnelReportUrl=https://partners.perfectomobile.com/nexperience/singletest/report/?reportRepositoryKey=PRIVATE:RemoteWebDriver/170416/RemoteWebDriver_17-04-16_11_39_47_8811.xml&amp;ownerId=dmitriyy@perfectomobile.com&amp;sharingCode=cf20a296-a546-4df4-883d-684b3aaea1ae, user=, cssSelectorsEnabled=true}]
Session ID: f1be917c-e004-4abc-8a58-6fa1bab5d914
*** Element info: {Using=xpath, value=//*[@id=&#039;pi_14594&#039;]/div/div[2]/div/p/a}">
      <![CDATA[org.openqa.selenium.WebDriverException: Failed to execute command webpage.element find: findElements command failed. Reason: handset server: page is still loading.
Command duration or timeout: 93.18 seconds
Build info: version: '2.48.2', revision: '41bccdd10cf2c0560f637404c2d96164b67d9d67', time: '2015-10-09 13:08:06'
System info: host: 'nb-dmitriyy-10', ip: '192.168.1.4', os.name: 'Windows 10', os.arch: 'amd64', os.version: '10.0', java.version: '1.8.0_91'
Driver info: org.openqa.selenium.remote.RemoteWebDriver
Capabilities [{reportPdfUrl=https://partners.reporting-01.perfectomobile.com/export/api/v1/test-executions/pdf?externalId[0]=dmitriyy@perfectomobile.com_RemoteWebDriver_17-04-16_11_39_47_8811&timestamp=1492342787722, rotatable=true, testGridReportUrl=https://partners.reporting-01.perfectomobile.com?externalId[0]=dmitriyy@perfectomobile.com_RemoteWebDriver_17-04-16_11_39_47_8811&timestamp=1492342787722, entityType=remote_web_driver, offlineToken=, deviceName=076164908B998B9944CE5E3A50E1028D5708AAEF, serverConnector=, platform=ANY, executionId=dmitriyy@perfectomobile.com_RemoteWebDriver_17-04-16_11_39_47_8811, password=, webdriver.remote.sessionid=f1be917c-e004-4abc-8a58-6fa1bab5d914, host=partners.perfectomobile.com, singleTestReportUrl=https://partners.perfectomobile.com/nexperience/singletest/report/?reportRepositoryKey=PRIVATE:RemoteWebDriver/170416/RemoteWebDriver_17-04-16_11_39_47_8811.xml&ownerId=dmitriyy@perfectomobile.com&sharingCode=cf20a296-a546-4df4-883d-684b3aaea1ae, locationContextEnabled=true, browserName=mobileSafari, scriptName=RemoteWebDriver, takesScreenshot=true, javascriptEnabled=true, reportKey=PRIVATE:RemoteWebDriver/170416/RemoteWebDriver_17-04-16_11_39_47_8811.xml, platformName=iOS, windTunnelReportUrl=https://partners.perfectomobile.com/nexperience/singletest/report/?reportRepositoryKey=PRIVATE:RemoteWebDriver/170416/RemoteWebDriver_17-04-16_11_39_47_8811.xml&ownerId=dmitriyy@perfectomobile.com&sharingCode=cf20a296-a546-4df4-883d-684b3aaea1ae, user=, cssSelectorsEnabled=true}]
Session ID: f1be917c-e004-4abc-8a58-6fa1bab5d914
*** Element info: {Using=xpath, value=//*[@id='pi_14594']/div/div[2]/div/p/a}
	at sun.reflect.NativeConstructorAccessorImpl.newInstance0(Native Method)
	at sun.reflect.NativeConstructorAccessorImpl.newInstance(Unknown Source)
	at sun.reflect.DelegatingConstructorAccessorImpl.newInstance(Unknown Source)
	at java.lang.reflect.Constructor.newInstance(Unknown Source)
	at org.openqa.selenium.remote.ErrorHandler.createThrowable(ErrorHandler.java:206)
	at org.openqa.selenium.remote.ErrorHandler.throwIfResponseFailed(ErrorHandler.java:158)
	at org.openqa.selenium.remote.RemoteWebDriver.execute(RemoteWebDriver.java:647)
	at org.openqa.selenium.remote.RemoteWebDriver.findElement(RemoteWebDriver.java:353)
	at org.openqa.selenium.remote.RemoteWebDriver.findElementByXPath(RemoteWebDriver.java:490)
	at RemoteWebDriverTest.DBWebApp(RemoteWebDriverTest.java:108)
	at sun.reflect.NativeMethodAccessorImpl.invoke0(Native Method)
	at sun.reflect.NativeMethodAccessorImpl.invoke(Unknown Source)
	at sun.reflect.DelegatingMethodAccessorImpl.invoke(Unknown Source)
	at java.lang.reflect.Method.invoke(Unknown Source)
	at org.testng.internal.MethodInvocationHelper.invokeMethod(MethodInvocationHelper.java:100)
	at org.testng.internal.Invoker.invokeMethod(Invoker.java:646)
	at org.testng.internal.Invoker.invokeTestMethod(Invoker.java:811)
	at org.testng.internal.Invoker.invokeTestMethods(Invoker.java:1129)
	at org.testng.internal.TestMethodWorker.invokeTestMethods(TestMethodWorker.java:129)
	at org.testng.internal.TestMethodWorker.run(TestMethodWorker.java:112)
	at org.testng.TestRunner.privateRun(TestRunner.java:746)
	at org.testng.TestRunner.run(TestRunner.java:600)
	at org.testng.SuiteRunner.runTest(SuiteRunner.java:366)
	at org.testng.SuiteRunner.access$000(SuiteRunner.java:39)
	at org.testng.SuiteRunner$SuiteWorker.run(SuiteRunner.java:400)
	at org.testng.internal.thread.ThreadUtil$2.call(ThreadUtil.java:64)
	at java.util.concurrent.FutureTask.run(Unknown Source)
	at java.util.concurrent.ThreadPoolExecutor.runWorker(Unknown Source)
	at java.util.concurrent.ThreadPoolExecutor$Worker.run(Unknown Source)
	at java.lang.Thread.run(Unknown Source)
Caused by: java.lang.RuntimeException: Failed to execute command webpage.element find: findElements command failed. Reason: handset server: page is still loading.
	at com.perfectomobile.selenium.MobileEntity.processCommonResponse(MobileEntity.java:102)
	at com.perfectomobile.selenium.MobileDevice.processResponse(MobileDevice.java:527)
	at com.perfectomobile.selenium.MobileApplication.processResponse(MobileApplication.java:54)
	at com.perfectomobile.selenium.dom.MobileDOMApplication.processResponse(MobileDOMApplication.java:464)
	at com.perfectomobile.selenium.MobileEntity.executeCommand(MobileEntity.java:57)
	at com.perfectomobile.selenium.MobileEntity.executeCommand(MobileEntity.java:50)
	at com.perfectomobile.selenium.MobileApplication.findElementsImpl(MobileApplication.java:290)
	at com.perfectomobile.selenium.dom.MobileDOMApplication.findElementsImpl(MobileDOMApplication.java:486)
	at com.perfectomobile.selenium.MobileApplication.findElementsImpl(MobileApplication.java:270)
	at com.perfectomobile.selenium.MobileApplication.findElementsByXPath(MobileApplication.java:225)
	at com.perfectomobile.selenium.MobileApplication.findElementByXPath(MobileApplication.java:210)
	at org.openqa.selenium.By$ByXPath.findElement(By.java:361)
	at com.perfectomobile.selenium.MobileApplication.findElement(MobileApplication.java:150)
	at com.perfectomobile.selenium.server.PerfectoMobileDriver.findElement(PerfectoMobileDriver.java:731)
	at sun.reflect.GeneratedMethodAccessor2149.invoke(Unknown Source)
	at sun.reflect.DelegatingMethodAccessorImpl.invoke(DelegatingMethodAccessorImpl.java:43)
	at java.lang.reflect.Method.invoke(Method.java:498)
	at org.openqa.selenium.support.events.EventFiringWebDriver$2.invoke(EventFiringWebDriver.java:102)
	at com.sun.proxy.$Proxy263.findElement(Unknown Source)
	at org.openqa.selenium.support.events.EventFiringWebDriver.findElement(EventFiringWebDriver.java:187)
	at org.openqa.selenium.remote.server.handler.FindElement.call(FindElement.java:48)
	at org.openqa.selenium.remote.server.handler.FindElement.call(FindElement.java:33)
	at java.util.concurrent.FutureTask.run(FutureTask.java:266)
	at org.openqa.selenium.remote.server.MobileDefaultSession$1.run(MobileDefaultSession.java:188)
	at java.util.concurrent.ThreadPoolExecutor.runWorker(ThreadPoolExecutor.java:1142)
	at java.util.concurrent.ThreadPoolExecutor$Worker.run(ThreadPoolExecutor.java:617)
	at java.lang.Thread.run(Thread.java:745)
]]>
    </error>
  </testcase> <!-- DBWebApp -->
</testsuite> <!-- RemoteWebDriverTest -->
