<?xml version="1.0" encoding="UTF-8"?>
<!-- Generated by org.testng.reporters.JUnitReportReporter -->
<testsuite hostname="nb-dmitriyy-10" name="SF" tests="2" failures="0" timestamp="29 Mar 2017 08:23:31 GMT" time="136.200" errors="2">
  <testcase name="ShutterFly_Order" time="37.768" classname="SF">
    <error type="org.openqa.selenium.WebDriverException" message="Failed to execute command webpage.element find: findElements command failed. Reason: handset server: timeout expired.
Command duration or timeout: 30.45 seconds
Build info: version: &#039;2.48.2&#039;, revision: &#039;41bccdd10cf2c0560f637404c2d96164b67d9d67&#039;, time: &#039;2015-10-09 13:08:06&#039;
System info: host: &#039;nb-dmitriyy-10&#039;, ip: &#039;10.11.0.175&#039;, os.name: &#039;Windows 10&#039;, os.arch: &#039;amd64&#039;, os.version: &#039;10.0&#039;, java.version: &#039;1.8.0_91&#039;
Driver info: org.openqa.selenium.remote.RemoteWebDriver
Capabilities [{reportPdfUrl=https://beta.reporting-01.perfectomobile.com/export/api/v1/test-executions/pdf?externalId[0]=demitriy.yanovskiy@gmail.com_RemoteWebDriver_17-03-29_08_22_56_21982, rotatable=true, testGridReportUrl=https://beta.reporting-01.perfectomobile.com?externalId[0]=demitriy.yanovskiy@gmail.com_RemoteWebDriver_17-03-29_08_22_56_21982, entityType=remote_web_driver, offlineToken=, deviceName=F15118A63C51D54E3CEA474B32CFE2ECDAF1AB70, serverConnector=, platform=ANY, executionId=demitriy.yanovskiy@gmail.com_RemoteWebDriver_17-03-29_08_22_56_21982, password=, webdriver.remote.sessionid=31ffc72b-b311-42a8-9ba3-bd04b0b564c8, host=beta.perfectomobile.com, singleTestReportUrl=https://beta.reporting-01.perfectomobile.com?externalId[0]=demitriy.yanovskiy@gmail.com_RemoteWebDriver_17-03-29_08_22_56_21982, locationContextEnabled=true, browserName=mobileOS, scriptName=RemoteWebDriver, takesScreenshot=true, javascriptEnabled=true, reportKey=demitriy.yanovskiy@gmail.com_RemoteWebDriver_17-03-29_08_22_56_21982, platformName=iOS, windTunnelReportUrl=https://beta.reporting-01.perfectomobile.com?externalId[0]=demitriy.yanovskiy@gmail.com_RemoteWebDriver_17-03-29_08_22_56_21982, user=, cssSelectorsEnabled=true}]
Session ID: 31ffc72b-b311-42a8-9ba3-bd04b0b564c8
*** Element info: {Using=xpath, value=//*[@label=&quot;iBooks&quot;]}">
      <![CDATA[org.openqa.selenium.WebDriverException: Failed to execute command webpage.element find: findElements command failed. Reason: handset server: timeout expired.
Command duration or timeout: 30.45 seconds
Build info: version: '2.48.2', revision: '41bccdd10cf2c0560f637404c2d96164b67d9d67', time: '2015-10-09 13:08:06'
System info: host: 'nb-dmitriyy-10', ip: '10.11.0.175', os.name: 'Windows 10', os.arch: 'amd64', os.version: '10.0', java.version: '1.8.0_91'
Driver info: org.openqa.selenium.remote.RemoteWebDriver
Capabilities [{reportPdfUrl=https://beta.reporting-01.perfectomobile.com/export/api/v1/test-executions/pdf?externalId[0]=demitriy.yanovskiy@gmail.com_RemoteWebDriver_17-03-29_08_22_56_21982, rotatable=true, testGridReportUrl=https://beta.reporting-01.perfectomobile.com?externalId[0]=demitriy.yanovskiy@gmail.com_RemoteWebDriver_17-03-29_08_22_56_21982, entityType=remote_web_driver, offlineToken=, deviceName=F15118A63C51D54E3CEA474B32CFE2ECDAF1AB70, serverConnector=, platform=ANY, executionId=demitriy.yanovskiy@gmail.com_RemoteWebDriver_17-03-29_08_22_56_21982, password=, webdriver.remote.sessionid=31ffc72b-b311-42a8-9ba3-bd04b0b564c8, host=beta.perfectomobile.com, singleTestReportUrl=https://beta.reporting-01.perfectomobile.com?externalId[0]=demitriy.yanovskiy@gmail.com_RemoteWebDriver_17-03-29_08_22_56_21982, locationContextEnabled=true, browserName=mobileOS, scriptName=RemoteWebDriver, takesScreenshot=true, javascriptEnabled=true, reportKey=demitriy.yanovskiy@gmail.com_RemoteWebDriver_17-03-29_08_22_56_21982, platformName=iOS, windTunnelReportUrl=https://beta.reporting-01.perfectomobile.com?externalId[0]=demitriy.yanovskiy@gmail.com_RemoteWebDriver_17-03-29_08_22_56_21982, user=, cssSelectorsEnabled=true}]
Session ID: 31ffc72b-b311-42a8-9ba3-bd04b0b564c8
*** Element info: {Using=xpath, value=//*[@label="iBooks"]}
	at sun.reflect.NativeConstructorAccessorImpl.newInstance0(Native Method)
	at sun.reflect.NativeConstructorAccessorImpl.newInstance(Unknown Source)
	at sun.reflect.DelegatingConstructorAccessorImpl.newInstance(Unknown Source)
	at java.lang.reflect.Constructor.newInstance(Unknown Source)
	at org.openqa.selenium.remote.ErrorHandler.createThrowable(ErrorHandler.java:206)
	at org.openqa.selenium.remote.ErrorHandler.throwIfResponseFailed(ErrorHandler.java:158)
	at org.openqa.selenium.remote.RemoteWebDriver.execute(RemoteWebDriver.java:647)
	at org.openqa.selenium.remote.RemoteWebDriver.findElement(RemoteWebDriver.java:353)
	at org.openqa.selenium.remote.RemoteWebDriver.findElementByXPath(RemoteWebDriver.java:490)
	at SF.openHomepage(SF.java:98)
	at SF.ShutterFly_Order(SF.java:72)
	at sun.reflect.NativeMethodAccessorImpl.invoke0(Native Method)
	at sun.reflect.NativeMethodAccessorImpl.invoke(Unknown Source)
	at sun.reflect.DelegatingMethodAccessorImpl.invoke(Unknown Source)
	at java.lang.reflect.Method.invoke(Unknown Source)
	at org.testng.internal.MethodInvocationHelper.invokeMethod(MethodInvocationHelper.java:100)
	at org.testng.internal.Invoker.invokeMethod(Invoker.java:646)
	at org.testng.internal.Invoker.invokeTestMethod(Invoker.java:811)
	at org.testng.internal.Invoker.invokeTestMethods(Invoker.java:1129)
	at org.testng.internal.TestMethodWorker.invokeTestMethods(TestMethodWorker.java:129)
	at org.testng.internal.TestMethodWorker.run(TestMethodWorker.java:112)
	at org.testng.TestRunner.privateRun(TestRunner.java:746)
	at org.testng.TestRunner.run(TestRunner.java:600)
	at org.testng.SuiteRunner.runTest(SuiteRunner.java:366)
	at org.testng.SuiteRunner.access$000(SuiteRunner.java:39)
	at org.testng.SuiteRunner$SuiteWorker.run(SuiteRunner.java:400)
	at org.testng.internal.thread.ThreadUtil$2.call(ThreadUtil.java:64)
	at java.util.concurrent.FutureTask.run(Unknown Source)
	at java.util.concurrent.ThreadPoolExecutor.runWorker(Unknown Source)
	at java.util.concurrent.ThreadPoolExecutor$Worker.run(Unknown Source)
	at java.lang.Thread.run(Unknown Source)
Caused by: org.openqa.selenium.remote.ScreenshotException: Screen shot has been taken
Build info: version: '2.48.2', revision: '41bccdd10cf2c0560f637404c2d96164b67d9d67', time: '2015-10-09 13:08:06'
System info: host: 'nb-dmitriyy-10', ip: '10.11.0.175', os.name: 'Windows 10', os.arch: 'amd64', os.version: '10.0', java.version: '1.8.0_91'
Driver info: driver.version: RemoteWebDriver
	at org.openqa.selenium.remote.ErrorHandler.throwIfResponseFailed(ErrorHandler.java:138)
	... 25 more
Caused by: java.lang.RuntimeException: Failed to execute command webpage.element find: findElements command failed. Reason: handset server: timeout expired.
	at com.perfectomobile.selenium.MobileEntity.processCommonResponse(MobileEntity.java:102)
	at com.perfectomobile.selenium.MobileDevice.processResponse(MobileDevice.java:527)
	at com.perfectomobile.selenium.MobileApplication.processResponse(MobileApplication.java:54)
	at com.perfectomobile.selenium.dom.MobileDOMApplication.processResponse(MobileDOMApplication.java:464)
	at com.perfectomobile.selenium.MobileEntity.executeCommand(MobileEntity.java:57)
	at com.perfectomobile.selenium.MobileEntity.executeCommand(MobileEntity.java:50)
	at com.perfectomobile.selenium.MobileApplication.findElementsImpl(MobileApplication.java:290)
	at com.perfectomobile.selenium.dom.MobileDOMApplication.findElementsImpl(MobileDOMApplication.java:486)
	at com.perfectomobile.selenium.MobileApplication.findElementsImpl(MobileApplication.java:270)
	at com.perfectomobile.selenium.MobileApplication.findElementsByXPath(MobileApplication.java:225)
	at com.perfectomobile.selenium.MobileApplication.findElementByXPath(MobileApplication.java:210)
	at org.openqa.selenium.By$ByXPath.findElement(By.java:361)
	at com.perfectomobile.selenium.MobileApplication.findElement(MobileApplication.java:150)
	at com.perfectomobile.selenium.server.PerfectoMobileDriver.findElement(PerfectoMobileDriver.java:731)
	at sun.reflect.GeneratedMethodAccessor808.invoke(Unknown Source)
	at sun.reflect.DelegatingMethodAccessorImpl.invoke(DelegatingMethodAccessorImpl.java:43)
	at java.lang.reflect.Method.invoke(Method.java:498)
	at org.openqa.selenium.support.events.EventFiringWebDriver$2.invoke(EventFiringWebDriver.java:102)
	at com.sun.proxy.$Proxy252.findElement(Unknown Source)
	at org.openqa.selenium.support.events.EventFiringWebDriver.findElement(EventFiringWebDriver.java:187)
	at org.openqa.selenium.remote.server.handler.FindElement.call(FindElement.java:48)
	at org.openqa.selenium.remote.server.handler.FindElement.call(FindElement.java:33)
	at java.util.concurrent.FutureTask.run(FutureTask.java:266)
	at org.openqa.selenium.remote.server.MobileDefaultSession$1.run(MobileDefaultSession.java:188)
	at java.util.concurrent.ThreadPoolExecutor.runWorker(ThreadPoolExecutor.java:1142)
	at java.util.concurrent.ThreadPoolExecutor$Worker.run(ThreadPoolExecutor.java:617)
	at java.lang.Thread.run(Thread.java:745)
]]>
    </error>
  </testcase> <!-- ShutterFly_Order -->
  <testcase name="ShutterFly_Order" time="98.432" classname="SF">
    <error type="org.openqa.selenium.WebDriverException" message="Failed to execute command webpage.element find: findElements command failed. Reason: handset server: cannot get page status.
Command duration or timeout: 90.47 seconds
Build info: version: &#039;2.48.2&#039;, revision: &#039;41bccdd10cf2c0560f637404c2d96164b67d9d67&#039;, time: &#039;2015-10-09 13:08:06&#039;
System info: host: &#039;nb-dmitriyy-10&#039;, ip: &#039;10.11.0.175&#039;, os.name: &#039;Windows 10&#039;, os.arch: &#039;amd64&#039;, os.version: &#039;10.0&#039;, java.version: &#039;1.8.0_91&#039;
Driver info: org.openqa.selenium.remote.RemoteWebDriver
Capabilities [{reportPdfUrl=https://beta.reporting-01.perfectomobile.com/export/api/v1/test-executions/pdf?externalId[0]=demitriy.yanovskiy@gmail.com_RemoteWebDriver_17-03-29_08_22_56_21983, rotatable=true, testGridReportUrl=https://beta.reporting-01.perfectomobile.com?externalId[0]=demitriy.yanovskiy@gmail.com_RemoteWebDriver_17-03-29_08_22_56_21983, entityType=remote_web_driver, offlineToken=, deviceName=1005AE54187C09D51375DA1700E4E0537782FF23, serverConnector=, platform=ANY, executionId=demitriy.yanovskiy@gmail.com_RemoteWebDriver_17-03-29_08_22_56_21983, password=, webdriver.remote.sessionid=f47d67f0-085d-44f6-98c4-4837fbbf146c, host=beta.perfectomobile.com, singleTestReportUrl=https://beta.reporting-01.perfectomobile.com?externalId[0]=demitriy.yanovskiy@gmail.com_RemoteWebDriver_17-03-29_08_22_56_21983, locationContextEnabled=true, browserName=mobileOS, scriptName=RemoteWebDriver, takesScreenshot=true, javascriptEnabled=true, reportKey=demitriy.yanovskiy@gmail.com_RemoteWebDriver_17-03-29_08_22_56_21983, platformName=iOS, windTunnelReportUrl=https://beta.reporting-01.perfectomobile.com?externalId[0]=demitriy.yanovskiy@gmail.com_RemoteWebDriver_17-03-29_08_22_56_21983, user=, cssSelectorsEnabled=true}]
Session ID: f47d67f0-085d-44f6-98c4-4837fbbf146c
*** Element info: {Using=xpath, value=//*[@label=&quot;iBooks&quot;]}">
      <![CDATA[org.openqa.selenium.WebDriverException: Failed to execute command webpage.element find: findElements command failed. Reason: handset server: cannot get page status.
Command duration or timeout: 90.47 seconds
Build info: version: '2.48.2', revision: '41bccdd10cf2c0560f637404c2d96164b67d9d67', time: '2015-10-09 13:08:06'
System info: host: 'nb-dmitriyy-10', ip: '10.11.0.175', os.name: 'Windows 10', os.arch: 'amd64', os.version: '10.0', java.version: '1.8.0_91'
Driver info: org.openqa.selenium.remote.RemoteWebDriver
Capabilities [{reportPdfUrl=https://beta.reporting-01.perfectomobile.com/export/api/v1/test-executions/pdf?externalId[0]=demitriy.yanovskiy@gmail.com_RemoteWebDriver_17-03-29_08_22_56_21983, rotatable=true, testGridReportUrl=https://beta.reporting-01.perfectomobile.com?externalId[0]=demitriy.yanovskiy@gmail.com_RemoteWebDriver_17-03-29_08_22_56_21983, entityType=remote_web_driver, offlineToken=, deviceName=1005AE54187C09D51375DA1700E4E0537782FF23, serverConnector=, platform=ANY, executionId=demitriy.yanovskiy@gmail.com_RemoteWebDriver_17-03-29_08_22_56_21983, password=, webdriver.remote.sessionid=f47d67f0-085d-44f6-98c4-4837fbbf146c, host=beta.perfectomobile.com, singleTestReportUrl=https://beta.reporting-01.perfectomobile.com?externalId[0]=demitriy.yanovskiy@gmail.com_RemoteWebDriver_17-03-29_08_22_56_21983, locationContextEnabled=true, browserName=mobileOS, scriptName=RemoteWebDriver, takesScreenshot=true, javascriptEnabled=true, reportKey=demitriy.yanovskiy@gmail.com_RemoteWebDriver_17-03-29_08_22_56_21983, platformName=iOS, windTunnelReportUrl=https://beta.reporting-01.perfectomobile.com?externalId[0]=demitriy.yanovskiy@gmail.com_RemoteWebDriver_17-03-29_08_22_56_21983, user=, cssSelectorsEnabled=true}]
Session ID: f47d67f0-085d-44f6-98c4-4837fbbf146c
*** Element info: {Using=xpath, value=//*[@label="iBooks"]}
	at sun.reflect.NativeConstructorAccessorImpl.newInstance0(Native Method)
	at sun.reflect.NativeConstructorAccessorImpl.newInstance(Unknown Source)
	at sun.reflect.DelegatingConstructorAccessorImpl.newInstance(Unknown Source)
	at java.lang.reflect.Constructor.newInstance(Unknown Source)
	at org.openqa.selenium.remote.ErrorHandler.createThrowable(ErrorHandler.java:206)
	at org.openqa.selenium.remote.ErrorHandler.throwIfResponseFailed(ErrorHandler.java:158)
	at org.openqa.selenium.remote.RemoteWebDriver.execute(RemoteWebDriver.java:647)
	at org.openqa.selenium.remote.RemoteWebDriver.findElement(RemoteWebDriver.java:353)
	at org.openqa.selenium.remote.RemoteWebDriver.findElementByXPath(RemoteWebDriver.java:490)
	at SF.openHomepage(SF.java:98)
	at SF.ShutterFly_Order(SF.java:72)
	at sun.reflect.NativeMethodAccessorImpl.invoke0(Native Method)
	at sun.reflect.NativeMethodAccessorImpl.invoke(Unknown Source)
	at sun.reflect.DelegatingMethodAccessorImpl.invoke(Unknown Source)
	at java.lang.reflect.Method.invoke(Unknown Source)
	at org.testng.internal.MethodInvocationHelper.invokeMethod(MethodInvocationHelper.java:100)
	at org.testng.internal.Invoker.invokeMethod(Invoker.java:646)
	at org.testng.internal.Invoker.invokeTestMethod(Invoker.java:811)
	at org.testng.internal.Invoker.invokeTestMethods(Invoker.java:1129)
	at org.testng.internal.TestMethodWorker.invokeTestMethods(TestMethodWorker.java:129)
	at org.testng.internal.TestMethodWorker.run(TestMethodWorker.java:112)
	at org.testng.TestRunner.privateRun(TestRunner.java:746)
	at org.testng.TestRunner.run(TestRunner.java:600)
	at org.testng.SuiteRunner.runTest(SuiteRunner.java:366)
	at org.testng.SuiteRunner.access$000(SuiteRunner.java:39)
	at org.testng.SuiteRunner$SuiteWorker.run(SuiteRunner.java:400)
	at org.testng.internal.thread.ThreadUtil$2.call(ThreadUtil.java:64)
	at java.util.concurrent.FutureTask.run(Unknown Source)
	at java.util.concurrent.ThreadPoolExecutor.runWorker(Unknown Source)
	at java.util.concurrent.ThreadPoolExecutor$Worker.run(Unknown Source)
	at java.lang.Thread.run(Unknown Source)
Caused by: org.openqa.selenium.remote.ScreenshotException: Screen shot has been taken
Build info: version: '2.48.2', revision: '41bccdd10cf2c0560f637404c2d96164b67d9d67', time: '2015-10-09 13:08:06'
System info: host: 'nb-dmitriyy-10', ip: '10.11.0.175', os.name: 'Windows 10', os.arch: 'amd64', os.version: '10.0', java.version: '1.8.0_91'
Driver info: driver.version: RemoteWebDriver
	at org.openqa.selenium.remote.ErrorHandler.throwIfResponseFailed(ErrorHandler.java:138)
	... 25 more
Caused by: java.lang.RuntimeException: Failed to execute command webpage.element find: findElements command failed. Reason: handset server: cannot get page status.
	at com.perfectomobile.selenium.MobileEntity.processCommonResponse(MobileEntity.java:102)
	at com.perfectomobile.selenium.MobileDevice.processResponse(MobileDevice.java:527)
	at com.perfectomobile.selenium.MobileApplication.processResponse(MobileApplication.java:54)
	at com.perfectomobile.selenium.dom.MobileDOMApplication.processResponse(MobileDOMApplication.java:464)
	at com.perfectomobile.selenium.MobileEntity.executeCommand(MobileEntity.java:57)
	at com.perfectomobile.selenium.MobileEntity.executeCommand(MobileEntity.java:50)
	at com.perfectomobile.selenium.MobileApplication.findElementsImpl(MobileApplication.java:290)
	at com.perfectomobile.selenium.dom.MobileDOMApplication.findElementsImpl(MobileDOMApplication.java:486)
	at com.perfectomobile.selenium.MobileApplication.findElementsImpl(MobileApplication.java:270)
	at com.perfectomobile.selenium.MobileApplication.findElementsByXPath(MobileApplication.java:225)
	at com.perfectomobile.selenium.MobileApplication.findElementByXPath(MobileApplication.java:210)
	at org.openqa.selenium.By$ByXPath.findElement(By.java:361)
	at com.perfectomobile.selenium.MobileApplication.findElement(MobileApplication.java:150)
	at com.perfectomobile.selenium.server.PerfectoMobileDriver.findElement(PerfectoMobileDriver.java:731)
	at sun.reflect.GeneratedMethodAccessor808.invoke(Unknown Source)
	at sun.reflect.DelegatingMethodAccessorImpl.invoke(DelegatingMethodAccessorImpl.java:43)
	at java.lang.reflect.Method.invoke(Method.java:498)
	at org.openqa.selenium.support.events.EventFiringWebDriver$2.invoke(EventFiringWebDriver.java:102)
	at com.sun.proxy.$Proxy252.findElement(Unknown Source)
	at org.openqa.selenium.support.events.EventFiringWebDriver.findElement(EventFiringWebDriver.java:187)
	at org.openqa.selenium.remote.server.handler.FindElement.call(FindElement.java:48)
	at org.openqa.selenium.remote.server.handler.FindElement.call(FindElement.java:33)
	at java.util.concurrent.FutureTask.run(FutureTask.java:266)
	at org.openqa.selenium.remote.server.MobileDefaultSession$1.run(MobileDefaultSession.java:188)
	at java.util.concurrent.ThreadPoolExecutor.runWorker(ThreadPoolExecutor.java:1142)
	at java.util.concurrent.ThreadPoolExecutor$Worker.run(ThreadPoolExecutor.java:617)
	at java.lang.Thread.run(Thread.java:745)
]]>
    </error>
  </testcase> <!-- ShutterFly_Order -->
</testsuite> <!-- SF -->
